<?xml version="1.0" encoding="UTF-8"?>
<!-- Generated by org.testng.reporters.JUnitReportReporter -->
<testsuite hostname="VIMUA-BoikoK-LM.local" failures="0" tests="1" name="login.CreateContactRecordTest" time="6.129" errors="0" timestamp="2021-11-04T21:07:07 EET" skipped="0">
  <testcase classname="login.CreateContactRecordTest" name="createRecord" time="6.129"/>
  <system-out/>
</testsuite> <!-- login.CreateContactRecordTest -->
